app/build/intermediates/manifest_merge_blame_file/debug/manifest-merger-blame-debug-report.txt
1<?xml version="1.0" encoding="utf-8"?>
2<manifest xmlns:android="http://schemas.android.com/apk/res/android"
3    package="com.example.singhkshitiz.letschat"
4    android:versionCode="1"
5    android:versionName="1.0" >
6
7    <uses-sdk
8        android:minSdkVersion="21"
8-->src\main\AndroidManifest.xml
9        android:targetSdkVersion="29" />
9-->src\main\AndroidManifest.xml
10
11    <uses-permission android:name="android.permission.INTERNET" />
11-->src\main\AndroidManifest.xml:5:5-67
11-->src\main\AndroidManifest.xml:5:22-64
12    <uses-permission android:name="android.permission.READ_EXTERNAL_STORAGE" />
12-->src\main\AndroidManifest.xml:6:5-80
12-->src\main\AndroidManifest.xml:6:22-77
13    <uses-permission android:name="android.permission.WRITE_EXTERNAL_STORAGE" />
13-->src\main\AndroidManifest.xml:7:5-81
13-->src\main\AndroidManifest.xml:7:22-78
14
15    <!-- Although the *SdkVersion is captured in gradle build files, this is required for non gradle builds -->
16    <!-- <uses-sdk android:minSdkVersion="14"/> -->
17    <uses-permission android:name="android.permission.ACCESS_NETWORK_STATE" />
17-->[com.google.firebase:firebase-database:19.2.0] AndroidManifest.xml:25:5-79
17-->[com.google.firebase:firebase-database:19.2.0] AndroidManifest.xml:25:22-76
18    <uses-permission android:name="android.permission.WAKE_LOCK" /> <!-- Required by older versions of Google Play services to create IID tokens -->
18-->[com.google.firebase:firebase-iid:20.0.2] AndroidManifest.xml:24:5-68
18-->[com.google.firebase:firebase-iid:20.0.2] AndroidManifest.xml:24:22-65
19    <uses-permission android:name="com.google.android.c2dm.permission.RECEIVE" />
19-->[com.google.firebase:firebase-iid:20.0.2] AndroidManifest.xml:26:5-82
19-->[com.google.firebase:firebase-iid:20.0.2] AndroidManifest.xml:26:22-79
20
21    <application
21-->src\main\AndroidManifest.xml:9:5-67:19
22        android:name="com.example.singhkshitiz.letschat.LetsChat"
22-->src\main\AndroidManifest.xml:10:9-33
23        android:allowBackup="true"
23-->src\main\AndroidManifest.xml:11:9-35
24        android:appComponentFactory="androidx.core.app.CoreComponentFactory"
24-->[androidx.core:core:1.1.0] AndroidManifest.xml:24:18-86
25        android:debuggable="true"
26        android:icon="@mipmap/ic_launcher"
26-->src\main\AndroidManifest.xml:12:9-43
27        android:label="@string/app_name"
27-->src\main\AndroidManifest.xml:13:9-41
28        android:roundIcon="@mipmap/ic_launcher_round"
28-->src\main\AndroidManifest.xml:14:9-54
29        android:supportsRtl="true"
29-->src\main\AndroidManifest.xml:15:9-35
30        android:testOnly="true"
31        android:theme="@style/AppTheme" >
31-->src\main\AndroidManifest.xml:16:9-40
32        <activity android:name="com.example.singhkshitiz.letschat.Notification.AllUserListActivity" />
32-->src\main\AndroidManifest.xml:17:9-79
32-->src\main\AndroidManifest.xml:17:19-67
33        <activity android:name="com.example.singhkshitiz.letschat.Notification.SendActivity" />
33-->src\main\AndroidManifest.xml:18:9-63
33-->src\main\AndroidManifest.xml:18:19-60
34
35        <service
35-->src\main\AndroidManifest.xml:20:9-23:40
36            android:name="com.example.singhkshitiz.letschat.Notification.FcmListenerService"
36-->src\main\AndroidManifest.xml:21:13-60
37            android:enabled="false"
37-->src\main\AndroidManifest.xml:22:13-36
38            android:exported="false" />
38-->src\main\AndroidManifest.xml:23:13-37
39
40        <activity android:name="com.example.singhkshitiz.letschat.TestWtihKotlineActivity" />
40-->src\main\AndroidManifest.xml:25:9-61
40-->src\main\AndroidManifest.xml:25:19-58
41
42        <service android:name="com.example.singhkshitiz.letschat.FirebaseMessagingService" >
42-->src\main\AndroidManifest.xml:27:9-31:19
42-->src\main\AndroidManifest.xml:27:18-58
43            <intent-filter>
43-->src\main\AndroidManifest.xml:28:13-30:29
44                <action android:name="com.google.firebase.MESSAGING_EVENT" />
44-->src\main\AndroidManifest.xml:29:17-78
44-->src\main\AndroidManifest.xml:29:25-75
45            </intent-filter>
46        </service>
47
48        <activity
48-->src\main\AndroidManifest.xml:33:9-41:20
49            android:name="com.example.singhkshitiz.letschat.MainActivity"
49-->src\main\AndroidManifest.xml:34:13-41
50            android:screenOrientation="portrait" >
50-->src\main\AndroidManifest.xml:35:13-49
51            <intent-filter>
51-->src\main\AndroidManifest.xml:36:13-40:29
52                <action android:name="android.intent.action.MAIN" />
52-->src\main\AndroidManifest.xml:37:17-69
52-->src\main\AndroidManifest.xml:37:25-66
53
54                <category android:name="android.intent.category.LAUNCHER" />
54-->src\main\AndroidManifest.xml:39:17-77
54-->src\main\AndroidManifest.xml:39:27-74
55            </intent-filter>
56        </activity>
57        <activity
57-->src\main\AndroidManifest.xml:42:9-44:48
58            android:name="com.example.singhkshitiz.letschat.LoginActivity"
58-->src\main\AndroidManifest.xml:43:13-42
59            android:theme="@style/AppTheme2" />
59-->src\main\AndroidManifest.xml:44:13-45
60        <activity
60-->src\main\AndroidManifest.xml:45:9-47:48
61            android:name="com.example.singhkshitiz.letschat.RegisterActivity"
61-->src\main\AndroidManifest.xml:46:13-45
62            android:theme="@style/AppTheme2" />
62-->src\main\AndroidManifest.xml:47:13-45
63        <activity
63-->src\main\AndroidManifest.xml:48:9-50:48
64            android:name="com.example.singhkshitiz.letschat.SettingActivity"
64-->src\main\AndroidManifest.xml:49:13-44
65            android:theme="@style/AppTheme2" />
65-->src\main\AndroidManifest.xml:50:13-45
66        <activity android:name="com.example.singhkshitiz.letschat.StatusActivity" />
66-->src\main\AndroidManifest.xml:51:9-52
66-->src\main\AndroidManifest.xml:51:19-49
67        <activity android:name="com.theartofdev.edmodo.cropper.CropImageActivity" />
67-->src\main\AndroidManifest.xml:52:9-85
67-->src\main\AndroidManifest.xml:52:19-82
68        <activity android:name="com.example.singhkshitiz.letschat.UserActivity" />
68-->src\main\AndroidManifest.xml:53:9-50
68-->src\main\AndroidManifest.xml:53:19-47
69        <activity
69-->src\main\AndroidManifest.xml:54:9-62:20
70            android:name="com.example.singhkshitiz.letschat.ProfileActivity"
70-->src\main\AndroidManifest.xml:55:13-44
71            android:theme="@style/AppTheme2" >
71-->src\main\AndroidManifest.xml:56:13-45
72            <intent-filter>
72-->src\main\AndroidManifest.xml:57:13-61:29
73                <action android:name="com.example.singhkshitiz.letschat_TARGET_NOTIFICATION" />
73-->src\main\AndroidManifest.xml:58:17-96
73-->src\main\AndroidManifest.xml:58:25-93
74
75                <category android:name="android.intent.category.DEFAULT" />
75-->src\main\AndroidManifest.xml:60:17-76
75-->src\main\AndroidManifest.xml:60:27-73
76            </intent-filter>
77        </activity>
78        <activity
78-->src\main\AndroidManifest.xml:63:9-66:52
79            android:name="com.example.singhkshitiz.letschat.ChatActivity"
79-->src\main\AndroidManifest.xml:64:13-41
80            android:parentActivityName="com.example.singhkshitiz.letschat.MainActivity"
80-->src\main\AndroidManifest.xml:65:13-55
81            android:screenOrientation="portrait" />
81-->src\main\AndroidManifest.xml:66:13-49
82
83        <meta-data
83-->[com.firebaseui:firebase-ui-database:1.0.1] AndroidManifest.xml:14:9-16:69
84            android:name="com.google.android.gms.version"
84-->[com.firebaseui:firebase-ui-database:1.0.1] AndroidManifest.xml:15:13-58
85            android:value="@integer/google_play_services_version" />
85-->[com.firebaseui:firebase-ui-database:1.0.1] AndroidManifest.xml:16:13-66
86
87        <activity
87-->[com.google.firebase:firebase-auth:19.2.0] AndroidManifest.xml:24:9-31:50
88            android:name="com.google.firebase.auth.internal.FederatedSignInActivity"
88-->[com.google.firebase:firebase-auth:19.2.0] AndroidManifest.xml:25:13-85
89            android:excludeFromRecents="true"
89-->[com.google.firebase:firebase-auth:19.2.0] AndroidManifest.xml:26:13-46
90            android:exported="true"
90-->[com.google.firebase:firebase-auth:19.2.0] AndroidManifest.xml:27:13-36
91            android:launchMode="singleTask"
91-->[com.google.firebase:firebase-auth:19.2.0] AndroidManifest.xml:28:13-44
92            android:permission="com.google.firebase.auth.api.gms.permission.LAUNCH_FEDERATED_SIGN_IN"
92-->[com.google.firebase:firebase-auth:19.2.0] AndroidManifest.xml:29:13-102
93            android:theme="@android:style/Theme.Translucent.NoTitleBar" />
93-->[com.google.firebase:firebase-auth:19.2.0] AndroidManifest.xml:30:13-72
94
95        <service
95-->[com.google.firebase:firebase-auth:19.2.0] AndroidManifest.xml:33:9-39:19
96            android:name="com.google.firebase.components.ComponentDiscoveryService"
96-->[com.google.firebase:firebase-auth:19.2.0] AndroidManifest.xml:34:13-84
97            android:directBootAware="true"
97-->[com.google.firebase:firebase-common:19.3.0] AndroidManifest.xml:34:13-43
98            android:exported="false" >
98-->[com.google.firebase:firebase-auth:19.2.0] AndroidManifest.xml:35:13-37
99            <meta-data
99-->[com.google.firebase:firebase-auth:19.2.0] AndroidManifest.xml:36:13-38:85
100                android:name="com.google.firebase.components:com.google.firebase.auth.FirebaseAuthRegistrar"
100-->[com.google.firebase:firebase-auth:19.2.0] AndroidManifest.xml:37:17-109
101                android:value="com.google.firebase.components.ComponentRegistrar" />
101-->[com.google.firebase:firebase-auth:19.2.0] AndroidManifest.xml:38:17-82
102            <meta-data
102-->[com.google.firebase:firebase-database:19.2.0] AndroidManifest.xml:32:13-34:85
103                android:name="com.google.firebase.components:com.google.firebase.database.DatabaseRegistrar"
103-->[com.google.firebase:firebase-database:19.2.0] AndroidManifest.xml:33:17-109
104                android:value="com.google.firebase.components.ComponentRegistrar" />
104-->[com.google.firebase:firebase-database:19.2.0] AndroidManifest.xml:34:17-82
105            <meta-data
105-->[com.google.firebase:firebase-storage:19.1.0] AndroidManifest.xml:33:13-35:85
106                android:name="com.google.firebase.components:com.google.firebase.storage.StorageRegistrar"
106-->[com.google.firebase:firebase-storage:19.1.0] AndroidManifest.xml:34:17-107
107                android:value="com.google.firebase.components.ComponentRegistrar" />
107-->[com.google.firebase:firebase-storage:19.1.0] AndroidManifest.xml:35:17-82
108            <meta-data
108-->[com.google.firebase:firebase-messaging:20.1.0] AndroidManifest.xml:38:13-40:85
109                android:name="com.google.firebase.components:com.google.firebase.messaging.FirebaseMessagingRegistrar"
109-->[com.google.firebase:firebase-messaging:20.1.0] AndroidManifest.xml:39:17-119
110                android:value="com.google.firebase.components.ComponentRegistrar" />
110-->[com.google.firebase:firebase-messaging:20.1.0] AndroidManifest.xml:40:17-82
111            <meta-data
111-->[com.google.firebase:firebase-iid:20.0.2] AndroidManifest.xml:32:13-34:85
112                android:name="com.google.firebase.components:com.google.firebase.iid.Registrar"
112-->[com.google.firebase:firebase-iid:20.0.2] AndroidManifest.xml:33:17-96
113                android:value="com.google.firebase.components.ComponentRegistrar" />
113-->[com.google.firebase:firebase-iid:20.0.2] AndroidManifest.xml:34:17-82
114            <meta-data
114-->[com.google.firebase:firebase-datatransport:17.0.3] AndroidManifest.xml:28:13-30:85
115                android:name="com.google.firebase.components:com.google.firebase.datatransport.TransportRegistrar"
115-->[com.google.firebase:firebase-datatransport:17.0.3] AndroidManifest.xml:29:17-115
116                android:value="com.google.firebase.components.ComponentRegistrar" />
116-->[com.google.firebase:firebase-datatransport:17.0.3] AndroidManifest.xml:30:17-82
117        </service>
118        <!--
119             FirebaseMessagingService performs security checks at runtime,
120             but set to not exported to explicitly avoid allowing another app to call it.
121        -->
122        <service
122-->[com.google.firebase:firebase-messaging:20.1.0] AndroidManifest.xml:28:9-34:19
123            android:name="com.google.firebase.messaging.FirebaseMessagingService"
123-->[com.google.firebase:firebase-messaging:20.1.0] AndroidManifest.xml:29:13-82
124            android:exported="false" >
124-->[com.google.firebase:firebase-messaging:20.1.0] AndroidManifest.xml:30:13-37
125            <intent-filter android:priority="-500" >
125-->src\main\AndroidManifest.xml:28:13-30:29
126                <action android:name="com.google.firebase.MESSAGING_EVENT" />
126-->src\main\AndroidManifest.xml:29:17-78
126-->src\main\AndroidManifest.xml:29:25-75
127            </intent-filter>
128        </service>
129
130        <receiver
130-->[com.google.firebase:firebase-iid:20.0.2] AndroidManifest.xml:37:9-44:20
131            android:name="com.google.firebase.iid.FirebaseInstanceIdReceiver"
131-->[com.google.firebase:firebase-iid:20.0.2] AndroidManifest.xml:38:13-78
132            android:exported="true"
132-->[com.google.firebase:firebase-iid:20.0.2] AndroidManifest.xml:39:13-36
133            android:permission="com.google.android.c2dm.permission.SEND" >
133-->[com.google.firebase:firebase-iid:20.0.2] AndroidManifest.xml:40:13-73
134            <intent-filter>
134-->[com.google.firebase:firebase-iid:20.0.2] AndroidManifest.xml:41:13-43:29
135                <action android:name="com.google.android.c2dm.intent.RECEIVE" />
135-->[com.google.firebase:firebase-iid:20.0.2] AndroidManifest.xml:42:17-81
135-->[com.google.firebase:firebase-iid:20.0.2] AndroidManifest.xml:42:25-78
136            </intent-filter>
137        </receiver>
138
139        <activity
139-->[com.google.android.gms:play-services-base:17.1.0] AndroidManifest.xml:23:9-26:75
140            android:name="com.google.android.gms.common.api.GoogleApiActivity"
140-->[com.google.android.gms:play-services-base:17.1.0] AndroidManifest.xml:24:13-79
141            android:exported="false"
141-->[com.google.android.gms:play-services-base:17.1.0] AndroidManifest.xml:25:13-37
142            android:theme="@android:style/Theme.Translucent.NoTitleBar" />
142-->[com.google.android.gms:play-services-base:17.1.0] AndroidManifest.xml:26:13-72
143
144        <provider
144-->[com.google.firebase:firebase-common:19.3.0] AndroidManifest.xml:26:9-30:39
145            android:name="com.google.firebase.provider.FirebaseInitProvider"
145-->[com.google.firebase:firebase-common:19.3.0] AndroidManifest.xml:27:13-77
146            android:authorities="com.example.singhkshitiz.letschat.firebaseinitprovider"
146-->[com.google.firebase:firebase-common:19.3.0] AndroidManifest.xml:28:13-72
147            android:exported="false"
147-->[com.google.firebase:firebase-common:19.3.0] AndroidManifest.xml:29:13-37
148            android:initOrder="100" />
148-->[com.google.firebase:firebase-common:19.3.0] AndroidManifest.xml:30:13-36
149
150        <service
150-->[com.google.android.datatransport:transport-backend-cct:2.2.0] AndroidManifest.xml:29:9-35:19
151            android:name="com.google.android.datatransport.runtime.backends.TransportBackendDiscovery"
151-->[com.google.android.datatransport:transport-backend-cct:2.2.0] AndroidManifest.xml:30:13-103
152            android:exported="false" >
152-->[com.google.android.datatransport:transport-backend-cct:2.2.0] AndroidManifest.xml:31:13-37
153            <meta-data
153-->[com.google.android.datatransport:transport-backend-cct:2.2.0] AndroidManifest.xml:32:13-34:39
154                android:name="backend:com.google.android.datatransport.cct.CctBackendFactory"
154-->[com.google.android.datatransport:transport-backend-cct:2.2.0] AndroidManifest.xml:33:17-94
155                android:value="cct" />
155-->[com.google.android.datatransport:transport-backend-cct:2.2.0] AndroidManifest.xml:34:17-36
156        </service>
157        <service
157-->[com.google.android.datatransport:transport-runtime:2.2.0] AndroidManifest.xml:26:9-30:19
158            android:name="com.google.android.datatransport.runtime.scheduling.jobscheduling.JobInfoSchedulerService"
158-->[com.google.android.datatransport:transport-runtime:2.2.0] AndroidManifest.xml:27:13-117
159            android:exported="false"
159-->[com.google.android.datatransport:transport-runtime:2.2.0] AndroidManifest.xml:28:13-37
160            android:permission="android.permission.BIND_JOB_SERVICE" >
160-->[com.google.android.datatransport:transport-runtime:2.2.0] AndroidManifest.xml:29:13-69
161        </service>
162
163        <receiver
163-->[com.google.android.datatransport:transport-runtime:2.2.0] AndroidManifest.xml:32:9-34:40
164            android:name="com.google.android.datatransport.runtime.scheduling.jobscheduling.AlarmManagerSchedulerBroadcastReceiver"
164-->[com.google.android.datatransport:transport-runtime:2.2.0] AndroidManifest.xml:33:13-132
165            android:exported="false" />
165-->[com.google.android.datatransport:transport-runtime:2.2.0] AndroidManifest.xml:34:13-37
166    </application>
167
168</manifest>